<?xml version="1.0" encoding="UTF-8"?>
<testsuite xmlns:xsi="http://www.w3.org/2001/XMLSchema-instance" xsi:noNamespaceSchemaLocation="https://maven.apache.org/surefire/maven-surefire-plugin/xsd/surefire-test-report.xsd" name="Tests.TinyMCE.TinyMCE_ParagraphTest" time="124.437" tests="24" errors="1" skipped="0" failures="0">
  <properties>
    <property name="java.runtime.name" value="Java(TM) SE Runtime Environment"/>
    <property name="sun.boot.library.path" value="C:\Program Files\Java\jdk1.8.0_171\jre\bin"/>
    <property name="java.vm.version" value="25.171-b11"/>
    <property name="java.vm.vendor" value="Oracle Corporation"/>
    <property name="maven.multiModuleProjectDirectory" value="C:\Users\Pavel\IdeaProjects\Heroic"/>
    <property name="java.vendor.url" value="http://java.oracle.com/"/>
    <property name="path.separator" value=";"/>
    <property name="guice.disable.misplaced.annotation.check" value="true"/>
    <property name="java.vm.name" value="Java HotSpot(TM) 64-Bit Server VM"/>
    <property name="file.encoding.pkg" value="sun.io"/>
    <property name="user.script" value=""/>
    <property name="user.country" value="RU"/>
    <property name="sun.java.launcher" value="SUN_STANDARD"/>
    <property name="sun.os.patch.level" value=""/>
    <property name="java.vm.specification.name" value="Java Virtual Machine Specification"/>
    <property name="user.dir" value="C:\Users\Pavel\IdeaProjects\Heroic"/>
    <property name="java.runtime.version" value="1.8.0_171-b11"/>
    <property name="java.awt.graphicsenv" value="sun.awt.Win32GraphicsEnvironment"/>
    <property name="java.endorsed.dirs" value="C:\Program Files\Java\jdk1.8.0_171\jre\lib\endorsed"/>
    <property name="os.arch" value="amd64"/>
    <property name="java.io.tmpdir" value="C:\Users\Pavel\AppData\Local\Temp\"/>
    <property name="line.separator" value="&#10;"/>
    <property name="java.vm.specification.vendor" value="Oracle Corporation"/>
    <property name="user.variant" value=""/>
    <property name="os.name" value="Windows 8.1"/>
    <property name="classworlds.conf" value="C:\Program Files\apache-maven-3.5.3\bin\..\bin\m2.conf"/>
    <property name="sun.jnu.encoding" value="Cp1251"/>
    <property name="java.library.path" value="C:\Program Files\Java\jdk1.8.0_171\bin;C:\WINDOWS\Sun\Java\bin;C:\WINDOWS\system32;C:\WINDOWS;C:\Program Files (x86)\Common Files\Oracle\Java\javapath;C:\WINDOWS\system32;C:\WINDOWS;C:\WINDOWS\System32\Wbem;C:\WINDOWS\System32\WindowsPowerShell\v1.0\;D:\Git\cmd;C:\Program Files\nodejs\;C:\Program Files (x86)\Windows Kits\8.1\Windows Performance Toolkit\;C:\Program Files\PuTTY\;C:\Program Files\apache-maven-3.5.3\bin;C:\Program Files\apache-maven-3.5.3;."/>
    <property name="maven.conf" value="C:\Program Files\apache-maven-3.5.3\bin\../conf"/>
    <property name="java.specification.name" value="Java Platform API Specification"/>
    <property name="java.class.version" value="52.0"/>
    <property name="sun.management.compiler" value="HotSpot 64-Bit Tiered Compilers"/>
    <property name="os.version" value="6.3"/>
    <property name="library.jansi.path" value="C:\Program Files\apache-maven-3.5.3\bin\..\lib\jansi-native"/>
    <property name="user.home" value="C:\Users\Pavel"/>
    <property name="user.timezone" value="Europe/Moscow"/>
    <property name="java.awt.printerjob" value="sun.awt.windows.WPrinterJob"/>
    <property name="java.specification.version" value="1.8"/>
    <property name="file.encoding" value="Cp1251"/>
    <property name="user.name" value="Pavel"/>
    <property name="java.class.path" value="C:\Program Files\apache-maven-3.5.3\bin\..\boot\plexus-classworlds-2.5.2.jar"/>
    <property name="java.vm.specification.version" value="1.8"/>
    <property name="sun.arch.data.model" value="64"/>
    <property name="java.home" value="C:\Program Files\Java\jdk1.8.0_171\jre"/>
    <property name="sun.java.command" value="org.codehaus.plexus.classworlds.launcher.Launcher clean test"/>
    <property name="java.specification.vendor" value="Oracle Corporation"/>
    <property name="user.language" value="ru"/>
    <property name="awt.toolkit" value="sun.awt.windows.WToolkit"/>
    <property name="java.vm.info" value="mixed mode"/>
    <property name="java.version" value="1.8.0_171"/>
    <property name="java.ext.dirs" value="C:\Program Files\Java\jdk1.8.0_171\jre\lib\ext;C:\WINDOWS\Sun\Java\lib\ext"/>
    <property name="sun.boot.class.path" value="C:\Program Files\Java\jdk1.8.0_171\jre\lib\resources.jar;C:\Program Files\Java\jdk1.8.0_171\jre\lib\rt.jar;C:\Program Files\Java\jdk1.8.0_171\jre\lib\sunrsasign.jar;C:\Program Files\Java\jdk1.8.0_171\jre\lib\jsse.jar;C:\Program Files\Java\jdk1.8.0_171\jre\lib\jce.jar;C:\Program Files\Java\jdk1.8.0_171\jre\lib\charsets.jar;C:\Program Files\Java\jdk1.8.0_171\jre\lib\jfr.jar;C:\Program Files\Java\jdk1.8.0_171\jre\classes"/>
    <property name="sun.stderr.encoding" value="cp866"/>
    <property name="java.vendor" value="Oracle Corporation"/>
    <property name="maven.home" value="C:\Program Files\apache-maven-3.5.3\bin\.."/>
    <property name="file.separator" value="\"/>
    <property name="java.vendor.url.bug" value="http://bugreport.sun.com/bugreport/"/>
    <property name="sun.cpu.endian" value="little"/>
    <property name="sun.io.unicode.encoding" value="UnicodeLittle"/>
    <property name="sun.stdout.encoding" value="cp866"/>
    <property name="sun.desktop" value="windows"/>
    <property name="sun.cpu.isalist" value="amd64"/>
  </properties>
  <testcase name="boid_italic_underline_quote_color_Paragraph" classname="Tests.TinyMCE.TinyMCE_ParagraphTest" time="6.99"/>
  <testcase name="ChangeFontSizeH1_AndWithSlider_Paragraph" classname="Tests.TinyMCE.TinyMCE_ParagraphTest" time="4.915"/>
  <testcase name="color_Paragraph" classname="Tests.TinyMCE.TinyMCE_ParagraphTest" time="4.042"/>
  <testcase name="insertLink_Paragraph" classname="Tests.TinyMCE.TinyMCE_ParagraphTest" time="4.32"/>
  <testcase name="underline_Paragraph" classname="Tests.TinyMCE.TinyMCE_ParagraphTest" time="3.209"/>
  <testcase name="changeFontSize_Paragraph" classname="Tests.TinyMCE.TinyMCE_ParagraphTest" time="5.264"/>
  <testcase name="changeFontSizeWithSlider_AndH1_Paragraph" classname="Tests.TinyMCE.TinyMCE_ParagraphTest" time="4.861"/>
  <testcase name="boid_italic_underline_Paragraph" classname="Tests.TinyMCE.TinyMCE_ParagraphTest" time="4.307"/>
  <testcase name="italic_Paragraph" classname="Tests.TinyMCE.TinyMCE_ParagraphTest" time="3.371"/>
  <testcase name="boid_Paragraph" classname="Tests.TinyMCE.TinyMCE_ParagraphTest" time="4.074"/>
  <testcase name="globalStyles_Paragraph" classname="Tests.TinyMCE.TinyMCE_ParagraphTest" time="5.775"/>
  <testcase name="numberedList_Paragraph" classname="Tests.TinyMCE.TinyMCE_ParagraphTest" time="4.529"/>
  <testcase name="boid_italic_underline_quote_Paragraph" classname="Tests.TinyMCE.TinyMCE_ParagraphTest" time="3.803"/>
  <testcase name="alignment_Paragraph" classname="Tests.TinyMCE.TinyMCE_ParagraphTest" time="8.79">
    <error message="Expected condition failed: waiting for visibility of [[ChromeDriver: chrome on XP (ed6f0f847d07dc2db77d8a5c760c8d06)] -&gt; xpath: //p[@class=&apos;mce-left-aligment&apos;]] (tried for 5 second(s) with 300 milliseconds interval)&#10;Build info: version: &apos;3.14.0&apos;, revision: &apos;aacccce0&apos;, time: &apos;2018-08-02T20:19:58.91Z&apos;&#10;System info: host: &apos;ECLIPSE&apos;, ip: &apos;192.168.163.2&apos;, os.name: &apos;Windows 8.1&apos;, os.arch: &apos;amd64&apos;, os.version: &apos;6.3&apos;, java.version: &apos;1.8.0_171&apos;&#10;Driver info: org.openqa.selenium.chrome.ChromeDriver&#10;Capabilities {acceptInsecureCerts: false, acceptSslCerts: false, applicationCacheEnabled: false, browserConnectionEnabled: false, browserName: chrome, chrome: {chromedriverVersion: 2.41.578737 (49da6702b16031..., userDataDir: C:\Users\Pavel\AppData\Loca...}, cssSelectorsEnabled: true, databaseEnabled: false, goog:chromeOptions: {debuggerAddress: localhost:8292}, handlesAlerts: true, hasTouchScreen: false, javascriptEnabled: true, locationContextEnabled: true, mobileEmulationEnabled: false, nativeEvents: true, networkConnectionEnabled: false, pageLoadStrategy: normal, platform: XP, platformName: XP, rotatable: false, setWindowRect: true, takesHeapSnapshot: true, takesScreenshot: true, unexpectedAlertBehaviour: , unhandledPromptBehavior: , version: 68.0.3440.106, webStorageEnabled: true}&#10;Session ID: ed6f0f847d07dc2db77d8a5c760c8d06" type="org.openqa.selenium.TimeoutException">org.openqa.selenium.TimeoutException: 
Expected condition failed: waiting for visibility of [[ChromeDriver: chrome on XP (ed6f0f847d07dc2db77d8a5c760c8d06)] -> xpath: //p[@class='mce-left-aligment']] (tried for 5 second(s) with 300 milliseconds interval)
Build info: version: '3.14.0', revision: 'aacccce0', time: '2018-08-02T20:19:58.91Z'
System info: host: 'ECLIPSE', ip: '192.168.163.2', os.name: 'Windows 8.1', os.arch: 'amd64', os.version: '6.3', java.version: '1.8.0_171'
Driver info: org.openqa.selenium.chrome.ChromeDriver
Capabilities {acceptInsecureCerts: false, acceptSslCerts: false, applicationCacheEnabled: false, browserConnectionEnabled: false, browserName: chrome, chrome: {chromedriverVersion: 2.41.578737 (49da6702b16031..., userDataDir: C:\Users\Pavel\AppData\Loca...}, cssSelectorsEnabled: true, databaseEnabled: false, goog:chromeOptions: {debuggerAddress: localhost:8292}, handlesAlerts: true, hasTouchScreen: false, javascriptEnabled: true, locationContextEnabled: true, mobileEmulationEnabled: false, nativeEvents: true, networkConnectionEnabled: false, pageLoadStrategy: normal, platform: XP, platformName: XP, rotatable: false, setWindowRect: true, takesHeapSnapshot: true, takesScreenshot: true, unexpectedAlertBehaviour: , unhandledPromptBehavior: , version: 68.0.3440.106, webStorageEnabled: true}
Session ID: ed6f0f847d07dc2db77d8a5c760c8d06
	at Tests.TinyMCE.TinyMCE_ParagraphTest.alignment_Paragraph(TinyMCE_ParagraphTest.java:112)
</error>
  </testcase>
  <testcase name="boid_italic_underline_quote_color_fontSizeWithSlider_Paragraph" classname="Tests.TinyMCE.TinyMCE_ParagraphTest" time="7.403"/>
  <testcase name="insertLinkToUserPage_applyAllStyles_Paragraph" classname="Tests.TinyMCE.TinyMCE_ParagraphTest" time="11.19"/>
  <testcase name="boid_italic_Paragraph" classname="Tests.TinyMCE.TinyMCE_ParagraphTest" time="3.771"/>
  <testcase name="quote_Paragraph" classname="Tests.TinyMCE.TinyMCE_ParagraphTest" time="3.421"/>
  <testcase name="insertLink_changeFontSizeWithSlider_Paragraph" classname="Tests.TinyMCE.TinyMCE_ParagraphTest" time="5.641"/>
  <testcase name="changeFontSizeWithSlider_Paragraph" classname="Tests.TinyMCE.TinyMCE_ParagraphTest" time="4.084"/>
  <testcase name="bulletedList_Paragraph" classname="Tests.TinyMCE.TinyMCE_ParagraphTest" time="4.142"/>
  <testcase name="changeFontFamily_Paragraph" classname="Tests.TinyMCE.TinyMCE_ParagraphTest" time="3.956"/>
  <testcase name="applyList_changeFontSizeWithSlider_Paragraph" classname="Tests.TinyMCE.TinyMCE_ParagraphTest" time="6.087"/>
  <testcase name="boid_italic_underline_quote_color_font_family_Paragraph" classname="Tests.TinyMCE.TinyMCE_ParagraphTest" time="6.085"/>
</testsuite>